août 01, 2019 11:04:49 AM logs.Application main
INFOS: Début de l'application
août 01, 2019 11:04:49 AM logs.Application main
AVERTISSEMENT: Attention
août 01, 2019 11:04:49 AM logs.Application main
GRAVE: Crash en vue
août 01, 2019 11:04:49 AM logs.TestLog log
INFOS: Debut de la methode log
août 01, 2019 11:04:49 AM logs.Application main
INFOS: Fin de l'application
août 01, 2019 11:06:03 AM logs.Application main
INFOS: Début de l'application
août 01, 2019 11:06:03 AM logs.Application main
AVERTISSEMENT: Attention
août 01, 2019 11:06:03 AM logs.Application main
GRAVE: Crash en vue
août 01, 2019 11:06:03 AM logs.TestLog log
INFOS: Debut de la methode log
août 01, 2019 11:06:03 AM logs.Application main
INFOS: Fin de l'application
août 01, 2019 11:06:59 AM logs.Application main
INFOS: Début de l'application
août 01, 2019 11:06:59 AM logs.Application main
AVERTISSEMENT: Attention
août 01, 2019 11:06:59 AM logs.Application main
GRAVE: Crash en vue
août 01, 2019 11:06:59 AM logs.TestLog log
INFOS: Debut de la methode log
août 01, 2019 11:06:59 AM logs.Application main
INFOS: Fin de l'application
